<?xml version="1.0" encoding="UTF-8"?>
<!-- Generated by org.testng.reporters.JUnitReportReporter -->
<testsuite skipped="0" hostname="DESKTOP-D8NJVF3" name="com.Supremegolf.CitySearch_moresearchoptions" tests="2" failures="0" timestamp="11 Sep 2018 11:55:00 GMT" time="0.010" errors="0">
  <testcase name="googlePage" time="0.007" classname="com.Supremegolf.CitySearch_moresearchoptions"/>
  <testcase name="yahooPage" time="0.003" classname="com.Supremegolf.CitySearch_moresearchoptions"/>
</testsuite> <!-- com.Supremegolf.CitySearch_moresearchoptions -->
