<?xml version="1.0" encoding="UTF-8"?>
<!-- Generated by org.testng.reporters.JUnitReportReporter -->
<testsuite skipped="0" hostname="DESKTOP-D8NJVF3" name="com.TestGolf.TestGolf" tests="2" failures="0" timestamp="08 Sep 2018 12:51:24 GMT" time="0.018" errors="0">
  <testcase name="yahooPage" time="0.006" classname="com.TestGolf.TestGolf"/>
  <testcase name="googlePage" time="0.012" classname="com.TestGolf.TestGolf"/>
</testsuite> <!-- com.TestGolf.TestGolf -->
